<?xml version="1.0" encoding="UTF-8"?>
<!-- Generated by org.testng.reporters.JUnitXMLReporter -->
<testsuite hostname="LAPTOP-EKDAT383" failures="0" tests="3" name="Default test" time="0.033" errors="0" timestamp="28 Oct 2024 09:45:29 GMT">
  <testcase classname="com.doms.ProductTest.KidsProductTest" name="addProduct" time="0.015"/>
  <testcase classname="com.doms.ProductTest.KidsProductTest" name="removeProduct" time="0.001"/>
  <testcase classname="com.doms.ProductTest.KidsProductTest" name="updateProduct" time="0.001"/>
</testsuite> <!-- Default test -->
