<?xml version="1.0" encoding="UTF-8"?>
<!-- Generated by org.testng.reporters.JUnitXMLReporter -->
<testsuite ignored="0" hostname="LAPTOP-EKDAT383" failures="0" tests="1" name="ChromeTest" time="0.058" errors="0" timestamp="2024-11-02T16:20:56 IST">
  <testcase classname="com.doms.GenericLibrary.BaseTest" name="@BeforeClass browserSetup" time="0.014">
    <failure type="java.lang.NullPointerException" message="Cannot invoke &amp;quot;com.doms.ExcelFileLibrary.ReadExcelFile.readSingleData(String, int, int)&amp;quot; because &amp;quot;this.excelutilityobj&amp;quot; is null">
      <![CDATA[java.lang.NullPointerException: Cannot invoke "com.doms.ExcelFileLibrary.ReadExcelFile.readSingleData(String, int, int)" because "this.excelutilityobj" is null
at com.doms.GenericLibrary.BaseTest.browserSetup(BaseTest.java:32)
at java.base/java.util.ArrayList.forEach(ArrayList.java:1597)
... Removed 23 stack frames]]>
    </failure>
  </testcase> <!-- @BeforeClass browserSetup -->
  <testcase classname="com.doms.GenericLibrary.BaseTest" name="@AfterClass terminateBrowser" time="-1.730544656071E9">
    <skipped/>
  </testcase> <!-- @AfterClass terminateBrowser -->
  <testcase classname="com.doms.WelcomeTest.VerifyWelcomePageTest" name="verifyWelcomePgWithValidInput" time="0.0">
    <skipped/>
  </testcase> <!-- verifyWelcomePgWithValidInput -->
</testsuite> <!-- ChromeTest -->
